<?xml version="1.0" encoding="UTF-8"?>
<testng-results skipped="0" failed="0" ignored="0" total="1" passed="1">
  <reporter-output>
  </reporter-output>
  <suite name="Default suite" duration-ms="4169" started-at="2021-06-26T18:18:07Z" finished-at="2021-06-26T18:18:11Z">
    <groups>
    </groups>
    <test name="Default test" duration-ms="4169" started-at="2021-06-26T18:18:07Z" finished-at="2021-06-26T18:18:11Z">
      <class name="testCases.ReadAllProducts">
        <test-method status="PASS" signature="All_Products()[pri:0, instance:testCases.ReadAllProducts@d4342c2]" name="All_Products" duration-ms="4072" started-at="2021-06-26T18:18:07Z" finished-at="2021-06-26T18:18:11Z">
          <reporter-output>
          </reporter-output>
        </test-method> <!-- All_Products -->
      </class> <!-- testCases.ReadAllProducts -->
    </test> <!-- Default test -->
  </suite> <!-- Default suite -->
</testng-results>
